TN:
SF:script/DeployDSC.s.sol
FN:16,DeployDSC.run
FNDA:8,DeployDSC.run
DA:17,8
DA:19,8
DA:25,8
DA:27,8
DA:28,8
DA:30,8
DA:32,8
DA:33,8
DA:35,8
DA:37,8
DA:39,8
FNF:1
FNH:1
LF:11
LH:11
BRF:0
BRH:0
end_of_record
TN:
SF:script/HelperConfig.s.sol
FN:26,HelperConfig.
FNDA:8,HelperConfig.
DA:27,8
BRDA:27,0,0,-
BRDA:27,0,1,8
DA:28,0
DA:30,8
FN:34,HelperConfig.sepoliaEthConfig
FNDA:0,HelperConfig.sepoliaEthConfig
DA:35,0
FN:44,HelperConfig.getOrCreateAnvilEthConfig
FNDA:8,HelperConfig.getOrCreateAnvilEthConfig
DA:45,8
BRDA:45,1,0,-
DA:46,0
DA:49,8
DA:51,8
DA:52,8
DA:53,8
DA:55,8
DA:56,8
DA:57,8
DA:59,8
DA:61,8
FNF:3
FNH:2
LF:15
LH:12
BRF:3
BRH:1
end_of_record
TN:
SF:src/DSCEngine.sol
FN:87,DSCEngine.moreThanZero
FNDA:0,DSCEngine.moreThanZero
DA:88,0
BRDA:88,0,0,-
DA:89,0
FN:94,DSCEngine.isAllowedToken
FNDA:0,DSCEngine.isAllowedToken
DA:95,0
BRDA:95,1,0,-
DA:96,0
FN:103,DSCEngine.
FNDA:9,DSCEngine.
DA:104,9
BRDA:104,2,0,1
DA:105,1
DA:107,8
DA:108,16
DA:109,16
DA:111,8
FN:116,DSCEngine.depositCollateralAndMintDsc
FNDA:0,DSCEngine.depositCollateralAndMintDsc
DA:121,0
DA:122,0
FN:129,DSCEngine.depositCollateral
FNDA:5,DSCEngine.depositCollateral
DA:137,3
DA:138,3
DA:140,3
DA:141,3
BRDA:141,3,0,-
DA:142,0
FN:152,DSCEngine.redeemCollteralForDsc
FNDA:0,DSCEngine.redeemCollteralForDsc
DA:157,0
DA:158,0
FN:167,DSCEngine.redeemCollateral
FNDA:0,DSCEngine.redeemCollateral
DA:174,0
DA:175,0
FN:182,DSCEngine.mintDsc
FNDA:0,DSCEngine.mintDsc
DA:183,0
DA:186,0
DA:188,0
DA:189,0
BRDA:189,4,0,-
DA:190,0
FN:194,DSCEngine.burnDsc
FNDA:0,DSCEngine.burnDsc
DA:195,0
DA:196,0
FN:214,DSCEngine.liquidate
FNDA:0,DSCEngine.liquidate
DA:220,0
BRDA:220,5,0,-
DA:221,0
DA:224,0
DA:225,0
BRDA:225,6,0,-
DA:226,0
DA:235,0
DA:243,0
DA:244,0
DA:248,0
DA:249,0
DA:251,0
DA:253,0
BRDA:253,7,0,-
DA:254,0
DA:258,0
FN:261,DSCEngine.getHealthFactor
FNDA:0,DSCEngine.getHealthFactor
DA:262,0
FN:270,DSCEngine._burnDsc
FNDA:0,DSCEngine._burnDsc
DA:271,0
DA:272,0
DA:273,0
BRDA:273,8,0,-
DA:274,0
DA:276,0
FN:278,DSCEngine._redeemCollateral
FNDA:0,DSCEngine._redeemCollateral
DA:284,0
DA:285,0
DA:287,0
DA:288,0
BRDA:288,9,0,-
DA:289,0
FN:293,DSCEngine._getAccountInformation
FNDA:1,DSCEngine._getAccountInformation
DA:294,1
DA:295,1
FN:302,DSCEngine._healthFactor
FNDA:0,DSCEngine._healthFactor
DA:305,0
DA:306,0
DA:313,0
FN:318,DSCEngine._revertIfHealthFactorIsBroken
FNDA:0,DSCEngine._revertIfHealthFactorIsBroken
DA:319,0
DA:320,0
BRDA:320,10,0,-
DA:321,0
FN:328,DSCEngine.getCollateralAmountFromUsd
FNDA:2,DSCEngine.getCollateralAmountFromUsd
DA:333,2
DA:334,2
DA:339,2
FN:342,DSCEngine.getAccountCollateralValue
FNDA:0,DSCEngine.getAccountCollateralValue
DA:343,1
DA:344,2
DA:345,2
DA:346,2
DA:348,0
FN:351,DSCEngine.getUsdValue
FNDA:2,DSCEngine.getUsdValue
DA:352,4
DA:354,4
DA:357,4
FN:361,DSCEngine.getAccountInformation
FNDA:1,DSCEngine.getAccountInformation
DA:362,1
FNF:20
FNH:6
LF:73
LH:23
BRF:11
BRH:1
end_of_record
TN:
SF:src/DecentralizedStableCoin.sol
FN:44,DecentralizedStableCoin.
FNDA:8,DecentralizedStableCoin.
FN:46,DecentralizedStableCoin.burn
FNDA:0,DecentralizedStableCoin.burn
DA:47,0
DA:48,0
BRDA:48,0,0,-
DA:49,0
DA:51,0
BRDA:51,1,0,-
DA:52,0
DA:54,0
FN:57,DecentralizedStableCoin.mint
FNDA:0,DecentralizedStableCoin.mint
DA:58,0
BRDA:58,2,0,-
DA:59,0
DA:61,0
BRDA:61,3,0,-
DA:62,0
DA:64,0
DA:65,0
FNF:3
FNH:1
LF:12
LH:0
BRF:4
BRH:0
end_of_record
TN:
SF:test/mocks/MockV3Aggregator.sol
FN:24,MockV3Aggregator.
FNDA:16,MockV3Aggregator.
DA:25,16
DA:26,16
FN:29,MockV3Aggregator.updateAnswer
FNDA:16,MockV3Aggregator.updateAnswer
DA:30,16
DA:31,16
DA:32,16
DA:33,16
DA:34,16
DA:35,16
FN:38,MockV3Aggregator.updateRoundData
FNDA:0,MockV3Aggregator.updateRoundData
DA:39,0
DA:40,0
DA:41,0
DA:42,0
DA:43,0
DA:44,0
FN:47,MockV3Aggregator.getRoundData
FNDA:0,MockV3Aggregator.getRoundData
DA:52,0
FN:55,MockV3Aggregator.latestRoundData
FNDA:6,MockV3Aggregator.latestRoundData
DA:60,6
FN:69,MockV3Aggregator.description
FNDA:0,MockV3Aggregator.description
DA:70,0
FNF:6
FNH:3
LF:17
LH:9
BRF:0
BRH:0
end_of_record
